<?xml version="1.0" encoding="UTF-8"?>
<!-- Generated by org.testng.reporters.JUnitXMLReporter -->
<testsuite hostname="admin-PC" ignored="0" name="Login Page Test" tests="7" failures="0" timestamp="29 Sep 2017 09:39:15 GMT" time="82.551" errors="0">
  <testcase name="@AfterTest afterExecution" time="0.0" classname="com.makemytrip.testbase.TestBase">
    <failure type="java.lang.IllegalArgumentException" message="wrong number of arguments">
      <![CDATA[java.lang.IllegalArgumentException: wrong number of arguments
... Removed 23 stack frames]]>
    </failure>
  </testcase> <!-- @AfterTest afterExecution -->
  <testcase name="LoginPageTestCases" time="25.551" classname="com.makemytrip.testcases.TC_001LoginTestCases"/>
  <testcase name="LoginPageTestCases" time="0.003" classname="com.makemytrip.testcases.TC_001LoginTestCases">
    <skipped/>
  </testcase> <!-- LoginPageTestCases -->
  <testcase name="LoginPageTestCases" time="0.001" classname="com.makemytrip.testcases.TC_001LoginTestCases">
    <skipped/>
  </testcase> <!-- LoginPageTestCases -->
  <testcase name="LoginPageTestCases" time="0.001" classname="com.makemytrip.testcases.TC_001LoginTestCases">
    <skipped/>
  </testcase> <!-- LoginPageTestCases -->
  <testcase name="LoginPageTestCases" time="0.001" classname="com.makemytrip.testcases.TC_001LoginTestCases">
    <skipped/>
  </testcase> <!-- LoginPageTestCases -->
  <testcase name="LoginPageTestCases" time="0.001" classname="com.makemytrip.testcases.TC_001LoginTestCases">
    <skipped/>
  </testcase> <!-- LoginPageTestCases -->
  <testcase name="LoginPageTestCases" time="0.001" classname="com.makemytrip.testcases.TC_001LoginTestCases">
    <skipped/>
  </testcase> <!-- LoginPageTestCases -->
</testsuite> <!-- Login Page Test -->
