<?xml version="1.0" encoding="UTF-8"?>
<!-- Generated by org.testng.reporters.JUnitXMLReporter -->
<testsuite hostname="admin-PC" ignored="0" name="Command line test" tests="3" failures="0" timestamp="01 Sep 2017 16:49:09 GMT" time="0.544" errors="0">
  <testcase name="@BeforeTest startServer1" time="0.0" classname="com.makemytrip.testcasespractice.SampleTest">
    <failure type="io.appium.java_client.service.local.AppiumServerHasNotBeenStartedLocallyException" message="The local appium server has not been started. The given Node.js executable: C:\Program Files (x86)\Appium\node.exe Arguments: [C:\Program Files (x86)\Appium\node_modules\appium\bin\appium.js, --port, 4723, --address, 0.0.0.0] 
">
      <![CDATA[io.appium.java_client.service.local.AppiumServerHasNotBeenStartedLocallyException: The local appium server has not been started. The given Node.js executable: C:\Program Files (x86)\Appium\node.exe Arguments: [C:\Program Files (x86)\Appium\node_modules\appium\bin\appium.js, --port, 4723, --address, 0.0.0.0] 

	at io.appium.java_client.service.local.AppiumDriverLocalService.start(AppiumDriverLocalService.java:155)
	at com.makemytrip.testcasespractice.SampleTest.startServer1(SampleTest.java:34)
Caused by: java.lang.IllegalAccessError: tried to access method com.google.common.util.concurrent.SimpleTimeLimiter.<init>(Ljava/util/concurrent/ExecutorService;)V from class org.openqa.selenium.net.UrlChecker
	at org.openqa.selenium.net.UrlChecker.<init>(UrlChecker.java:67)
	at io.appium.java_client.service.local.AppiumDriverLocalService.ping(AppiumDriverLocalService.java:115)
	at io.appium.java_client.service.local.AppiumDriverLocalService.start(AppiumDriverLocalService.java:142)
	... 34 more
... Removed 33 stack frames]]>
    </failure>
  </testcase> <!-- @BeforeTest startServer1 -->
  <testcase name="@AfterMethod afterExecution" time="0.0" classname="com.makemytrip.testbase.TestBase">
    <skipped/>
  </testcase> <!-- @AfterMethod afterExecution -->
  <testcase name="@BeforeClass setUp" time="0.0" classname="com.makemytrip.testcasespractice.Test">
    <skipped/>
  </testcase> <!-- @BeforeClass setUp -->
  <testcase name="@AfterClass tearDown" time="0.0" classname="com.makemytrip.testcasespractice.Test">
    <skipped/>
  </testcase> <!-- @AfterClass tearDown -->
  <testcase name="@AfterTest endTest" time="0.0" classname="com.makemytrip.testcasespractice.SampleTest">
    <skipped/>
  </testcase> <!-- @AfterTest endTest -->
  <testcase name="newUserSignupTestCase" time="0.002" classname="com.makemytrip.testcases.TC_004NewUserSignupTestCase">
    <skipped/>
  </testcase> <!-- newUserSignupTestCase -->
  <testcase name="Sum" time="0.0" classname="com.makemytrip.testcasespractice.SampleTest">
    <skipped/>
  </testcase> <!-- Sum -->
  <testcase name="testcase_001" time="0.0" classname="com.makemytrip.testcasespractice.Test">
    <skipped/>
  </testcase> <!-- testcase_001 -->
</testsuite> <!-- Command line test -->
