<?xml version="1.0" encoding="UTF-8"?>
<!-- Generated by org.testng.reporters.JUnitXMLReporter -->
<testsuite hostname="admin-PC" ignored="0" name="Flight Listing page Filter Validation" tests="1" failures="1" timestamp="03 Sep 2017 06:31:33 GMT" time="292.372" errors="0">
  <testcase name="flightListingPagefilterValidation" time="292.064" classname="com.makemytrip.testcases.TC_005FlightListingPagefilterValidationTestCase">
    <failure type="org.openqa.selenium.NoSuchElementException" message="no such element: Unable to locate element: {&amp;quot;method&amp;quot;:&amp;quot;xpath&amp;quot;,&amp;quot;selector&amp;quot;:&amp;quot;//span[@class=&amp;apos;block RobotoLight filter_text_small&amp;apos;]/span[@mt-id=&amp;apos;totalResult&amp;apos;]&amp;quot;}
  (Session info: chrome=56.0.2924.87)
  (Driver info: chromedriver=2.28.455520 (cc17746adff54984afff480136733114c6b3704b),platform=Windows NT 6.1.7601 SP1 x86_64) (WARNING: The server did not provide any stacktrace information)
Command duration or timeout: 60.05 seconds
For documentation on this error, please visit: http://seleniumhq.org/exceptions/no_such_element.html
Build info: version: &amp;apos;3.1.0&amp;apos;, revision: &amp;apos;b94c902&amp;apos;, time: &amp;apos;2017-02-16 12:21:31 -0800&amp;apos;
System info: host: &amp;apos;ADMIN-PC&amp;apos;, ip: &amp;apos;169.254.230.1&amp;apos;, os.name: &amp;apos;Windows 7&amp;apos;, os.arch: &amp;apos;amd64&amp;apos;, os.version: &amp;apos;6.1&amp;apos;, java.version: &amp;apos;1.8.0_71&amp;apos;
Driver info: io.appium.java_client.android.AndroidDriver
Capabilities [{deviceScreenSize=480x800, networkConnectionEnabled=true, warnings={}, databaseEnabled=false, deviceName=emulator-5554, platform=ANDROID, deviceUDID=emulator-5554, desired={browserName=chrome, platformName=Android, deviceName=Nexus7, platform=ANDROID}, platformVersion=6.0, webStorageEnabled=false, locationContextEnabled=false, takesScreenshot=true, browserName=chrome, javascriptEnabled=true, deviceModel=Android SDK built for x86_64, platformName=Android, deviceManufacturer=unknown}]
Session ID: 0eb2b152-ff13-4c92-be56-c6315d698d0a
*** Element info: {Using=xpath, value=//span[@class=&amp;apos;block RobotoLight filter_text_small&amp;apos;]/span[@mt-id=&amp;apos;totalResult&amp;apos;]}">
      <![CDATA[org.openqa.selenium.NoSuchElementException: no such element: Unable to locate element: {"method":"xpath","selector":"//span[@class='block RobotoLight filter_text_small']/span[@mt-id='totalResult']"}
  (Session info: chrome=56.0.2924.87)
  (Driver info: chromedriver=2.28.455520 (cc17746adff54984afff480136733114c6b3704b),platform=Windows NT 6.1.7601 SP1 x86_64) (WARNING: The server did not provide any stacktrace information)
Command duration or timeout: 60.05 seconds
For documentation on this error, please visit: http://seleniumhq.org/exceptions/no_such_element.html
Build info: version: '3.1.0', revision: 'b94c902', time: '2017-02-16 12:21:31 -0800'
System info: host: 'ADMIN-PC', ip: '169.254.230.1', os.name: 'Windows 7', os.arch: 'amd64', os.version: '6.1', java.version: '1.8.0_71'
Driver info: io.appium.java_client.android.AndroidDriver
Capabilities [{deviceScreenSize=480x800, networkConnectionEnabled=true, warnings={}, databaseEnabled=false, deviceName=emulator-5554, platform=ANDROID, deviceUDID=emulator-5554, desired={browserName=chrome, platformName=Android, deviceName=Nexus7, platform=ANDROID}, platformVersion=6.0, webStorageEnabled=false, locationContextEnabled=false, takesScreenshot=true, browserName=chrome, javascriptEnabled=true, deviceModel=Android SDK built for x86_64, platformName=Android, deviceManufacturer=unknown}]
Session ID: 0eb2b152-ff13-4c92-be56-c6315d698d0a
*** Element info: {Using=xpath, value=//span[@class='block RobotoLight filter_text_small']/span[@mt-id='totalResult']}
	at org.openqa.selenium.remote.ErrorHandler.createThrowable(ErrorHandler.java:216)
	at org.openqa.selenium.remote.ErrorHandler.throwIfResponseFailed(ErrorHandler.java:168)
	at org.openqa.selenium.remote.RemoteWebDriver.execute(RemoteWebDriver.java:635)
	at io.appium.java_client.DefaultGenericMobileDriver.execute(DefaultGenericMobileDriver.java:40)
	at io.appium.java_client.AppiumDriver.execute(AppiumDriver.java:1)
	at io.appium.java_client.android.AndroidDriver.execute(AndroidDriver.java:1)
	at org.openqa.selenium.remote.RemoteWebDriver.findElement(RemoteWebDriver.java:368)
	at io.appium.java_client.DefaultGenericMobileDriver.findElement(DefaultGenericMobileDriver.java:56)
	at io.appium.java_client.AppiumDriver.findElement(AppiumDriver.java:1)
	at io.appium.java_client.android.AndroidDriver.findElement(AndroidDriver.java:1)
	at org.openqa.selenium.remote.RemoteWebDriver.findElementByXPath(RemoteWebDriver.java:473)
	at io.appium.java_client.DefaultGenericMobileDriver.findElementByXPath(DefaultGenericMobileDriver.java:134)
	at io.appium.java_client.AppiumDriver.findElementByXPath(AppiumDriver.java:1)
	at io.appium.java_client.android.AndroidDriver.findElementByXPath(AndroidDriver.java:1)
	at org.openqa.selenium.By$ByXPath.findElement(By.java:361)
	at org.openqa.selenium.remote.RemoteWebDriver.findElement(RemoteWebDriver.java:360)
	at io.appium.java_client.DefaultGenericMobileDriver.findElement(DefaultGenericMobileDriver.java:52)
	at io.appium.java_client.AppiumDriver.findElement(AppiumDriver.java:1)
	at io.appium.java_client.android.AndroidDriver.findElement(AndroidDriver.java:1)
	at com.makemytrip.testbase.TestBase.getLocator(TestBase.java:140)
	at com.makemytrip.testbase.TestBase.getWebElement(TestBase.java:172)
	at com.makemytrip.testscripts.ApplicationDependKeywords.verifyTotal(ApplicationDependKeywords.java:117)
	at com.makemytrip.testscripts.Keywords.executeKeywords(Keywords.java:111)
	at com.makemytrip.testcases.TC_005FlightListingPagefilterValidationTestCase.flightListingPagefilterValidation(TC_005FlightListingPagefilterValidationTestCase.java:20)
... Removed 32 stack frames]]>
    </failure>
  </testcase> <!-- flightListingPagefilterValidation -->
</testsuite> <!-- Flight Listing page Filter Validation -->
