<!DOCTYPE html PUBLIC "-//W3C//DTD XHTML 1.1//EN" "http://www.w3.org/TR/xhtml11/DTD/xhtml11.dtd">
<html xmlns="http://www.w3.org/1999/xhtml"><head><title>TestNG Report</title><style type="text/css">table {margin-bottom:10px;border-collapse:collapse;empty-cells:show}th,td {border:1px solid #009;padding:.25em .5em}th {vertical-align:bottom}td {vertical-align:top}table a {font-weight:bold}.stripe td {background-color: #E6EBF9}.num {text-align:right}.passedodd td {background-color: #3F3}.passedeven td {background-color: #0A0}.skippedodd td {background-color: #DDD}.skippedeven td {background-color: #CCC}.failedodd td,.attn {background-color: #F33}.failedeven td,.stripe .attn {background-color: #D00}.stacktrace {white-space:pre;font-family:monospace}.totop {font-size:85%;text-align:center;border-bottom:2px solid #000}</style></head><body><table><tr><th>Test</th><th># Passed</th><th># Skipped</th><th># Failed</th><th>Time (ms)</th><th>Included Groups</th><th>Excluded Groups</th></tr><tr><th colspan="7">Default suite</th></tr><tr><td><a href="#t0">Default test</a></td><td class="num">2</td><td class="num attn">6</td><td class="num">0</td><td class="num">155,277</td><td></td><td></td></tr></table><table><thead><tr><th>Class</th><th>Method</th><th>Start</th><th>Time (ms)</th></tr></thead><tbody><tr><th colspan="4">Default suite</th></tr></tbody><tbody id="t0"><tr><th colspan="4">Default test &#8212; skipped</th></tr><tr class="skippedeven"><td rowspan="6">com.makemytrip.testcases.TC_002SignUpPageTestCases</td><td><a href="#m0">SignUpPageTestCase</a></td><td rowspan="6">1506682532306</td><td rowspan="6">2</td></tr><tr class="skippedeven"><td><a href="#m1">SignUpPageTestCase</a></td></tr><tr class="skippedeven"><td><a href="#m2">SignUpPageTestCase</a></td></tr><tr class="skippedeven"><td><a href="#m3">SignUpPageTestCase</a></td></tr><tr class="skippedeven"><td><a href="#m4">SignUpPageTestCase</a></td></tr><tr class="skippedeven"><td><a href="#m5">SignUpPageTestCase</a></td></tr><tr><th colspan="4">Default test &#8212; passed</th></tr><tr class="passedeven"><td rowspan="2">com.makemytrip.testcases.TC_002SignUpPageTestCases</td><td><a href="#m6">SignUpPageTestCase</a></td><td rowspan="2">1506682378595</td><td rowspan="2">71478</td></tr><tr class="passedeven"><td><a href="#m7">SignUpPageTestCase</a></td></tr></tbody></table><h2>Default test</h2><h3 id="m0">com.makemytrip.testcases.TC_002SignUpPageTestCases#SignUpPageTestCase</h3><table class="result"><tr class="param"><th>Parameter #1</th></tr><tr class="param stripe"><td>{Status=SKIP, Mobile=78898989, FirstName=ILLA, Password=123456, LastName=N, Runmode=N, Expected_Result=Please Enter valid Mobile Number., Email=ilan@yopmail.com}</td></tr><tr><th>Exception</th></tr><tr><td><div class="stacktrace">org.testng.SkipException: User is set this test case data runmode is No
	at com.makemytrip.testcases.TC_002SignUpPageTestCases.SignUpPageTestCase(TC_002SignUpPageTestCases.java:23)
	at sun.reflect.NativeMethodAccessorImpl.invoke0(Native Method)
	at sun.reflect.NativeMethodAccessorImpl.invoke(NativeMethodAccessorImpl.java:62)
	at sun.reflect.DelegatingMethodAccessorImpl.invoke(DelegatingMethodAccessorImpl.java:43)
	at java.lang.reflect.Method.invoke(Method.java:497)
	at org.testng.internal.MethodInvocationHelper.invokeMethod(MethodInvocationHelper.java:104)
	at org.testng.internal.Invoker.invokeMethod(Invoker.java:645)
	at org.testng.internal.Invoker.invokeTestMethod(Invoker.java:851)
	at org.testng.internal.Invoker.invokeTestMethods(Invoker.java:1177)
	at org.testng.internal.TestMethodWorker.invokeTestMethods(TestMethodWorker.java:129)
	at org.testng.internal.TestMethodWorker.run(TestMethodWorker.java:112)
	at org.testng.TestRunner.privateRun(TestRunner.java:756)
	at org.testng.TestRunner.run(TestRunner.java:610)
	at org.testng.SuiteRunner.runTest(SuiteRunner.java:387)
	at org.testng.SuiteRunner.runSequentially(SuiteRunner.java:382)
	at org.testng.SuiteRunner.privateRun(SuiteRunner.java:340)
	at org.testng.SuiteRunner.run(SuiteRunner.java:289)
	at org.testng.SuiteRunnerWorker.runSuite(SuiteRunnerWorker.java:52)
	at org.testng.SuiteRunnerWorker.run(SuiteRunnerWorker.java:86)
	at org.testng.TestNG.runSuitesSequentially(TestNG.java:1293)
	at org.testng.TestNG.runSuitesLocally(TestNG.java:1218)
	at org.testng.TestNG.runSuites(TestNG.java:1133)
	at org.testng.TestNG.run(TestNG.java:1104)
	at org.testng.remote.AbstractRemoteTestNG.run(AbstractRemoteTestNG.java:114)
	at org.testng.remote.RemoteTestNG.initAndRun(RemoteTestNG.java:251)
	at org.testng.remote.RemoteTestNG.main(RemoteTestNG.java:77)
</div></td></tr></table><p class="totop"><a href="#summary">back to summary</a></p><h3 id="m1">com.makemytrip.testcases.TC_002SignUpPageTestCases#SignUpPageTestCase</h3><table class="result"><tr class="param"><th>Parameter #1</th></tr><tr class="param stripe"><td>{Status=SKIP, Mobile=9898989898, FirstName=YAN, Password=123456, LastName=, Runmode=N, Expected_Result=Please Enter Last Name., Email=yan@yopmail.com}</td></tr><tr><th>Exception</th></tr><tr><td><div class="stacktrace">org.testng.SkipException: User is set this test case data runmode is No
	at com.makemytrip.testcases.TC_002SignUpPageTestCases.SignUpPageTestCase(TC_002SignUpPageTestCases.java:23)
	at sun.reflect.NativeMethodAccessorImpl.invoke0(Native Method)
	at sun.reflect.NativeMethodAccessorImpl.invoke(NativeMethodAccessorImpl.java:62)
	at sun.reflect.DelegatingMethodAccessorImpl.invoke(DelegatingMethodAccessorImpl.java:43)
	at java.lang.reflect.Method.invoke(Method.java:497)
	at org.testng.internal.MethodInvocationHelper.invokeMethod(MethodInvocationHelper.java:104)
	at org.testng.internal.Invoker.invokeMethod(Invoker.java:645)
	at org.testng.internal.Invoker.invokeTestMethod(Invoker.java:851)
	at org.testng.internal.Invoker.invokeTestMethods(Invoker.java:1177)
	at org.testng.internal.TestMethodWorker.invokeTestMethods(TestMethodWorker.java:129)
	at org.testng.internal.TestMethodWorker.run(TestMethodWorker.java:112)
	at org.testng.TestRunner.privateRun(TestRunner.java:756)
	at org.testng.TestRunner.run(TestRunner.java:610)
	at org.testng.SuiteRunner.runTest(SuiteRunner.java:387)
	at org.testng.SuiteRunner.runSequentially(SuiteRunner.java:382)
	at org.testng.SuiteRunner.privateRun(SuiteRunner.java:340)
	at org.testng.SuiteRunner.run(SuiteRunner.java:289)
	at org.testng.SuiteRunnerWorker.runSuite(SuiteRunnerWorker.java:52)
	at org.testng.SuiteRunnerWorker.run(SuiteRunnerWorker.java:86)
	at org.testng.TestNG.runSuitesSequentially(TestNG.java:1293)
	at org.testng.TestNG.runSuitesLocally(TestNG.java:1218)
	at org.testng.TestNG.runSuites(TestNG.java:1133)
	at org.testng.TestNG.run(TestNG.java:1104)
	at org.testng.remote.AbstractRemoteTestNG.run(AbstractRemoteTestNG.java:114)
	at org.testng.remote.RemoteTestNG.initAndRun(RemoteTestNG.java:251)
	at org.testng.remote.RemoteTestNG.main(RemoteTestNG.java:77)
</div></td></tr></table><p class="totop"><a href="#summary">back to summary</a></p><h3 id="m2">com.makemytrip.testcases.TC_002SignUpPageTestCases#SignUpPageTestCase</h3><table class="result"><tr class="param"><th>Parameter #1</th></tr><tr class="param stripe"><td>{Status=SKIP, Mobile=9898989898, FirstName=ILLA, Password=123456, LastName=N, Runmode=N, Expected_Result=Please Enter Email., Email=}</td></tr><tr><th>Exception</th></tr><tr><td><div class="stacktrace">org.testng.SkipException: User is set this test case data runmode is No
	at com.makemytrip.testcases.TC_002SignUpPageTestCases.SignUpPageTestCase(TC_002SignUpPageTestCases.java:23)
	at sun.reflect.NativeMethodAccessorImpl.invoke0(Native Method)
	at sun.reflect.NativeMethodAccessorImpl.invoke(NativeMethodAccessorImpl.java:62)
	at sun.reflect.DelegatingMethodAccessorImpl.invoke(DelegatingMethodAccessorImpl.java:43)
	at java.lang.reflect.Method.invoke(Method.java:497)
	at org.testng.internal.MethodInvocationHelper.invokeMethod(MethodInvocationHelper.java:104)
	at org.testng.internal.Invoker.invokeMethod(Invoker.java:645)
	at org.testng.internal.Invoker.invokeTestMethod(Invoker.java:851)
	at org.testng.internal.Invoker.invokeTestMethods(Invoker.java:1177)
	at org.testng.internal.TestMethodWorker.invokeTestMethods(TestMethodWorker.java:129)
	at org.testng.internal.TestMethodWorker.run(TestMethodWorker.java:112)
	at org.testng.TestRunner.privateRun(TestRunner.java:756)
	at org.testng.TestRunner.run(TestRunner.java:610)
	at org.testng.SuiteRunner.runTest(SuiteRunner.java:387)
	at org.testng.SuiteRunner.runSequentially(SuiteRunner.java:382)
	at org.testng.SuiteRunner.privateRun(SuiteRunner.java:340)
	at org.testng.SuiteRunner.run(SuiteRunner.java:289)
	at org.testng.SuiteRunnerWorker.runSuite(SuiteRunnerWorker.java:52)
	at org.testng.SuiteRunnerWorker.run(SuiteRunnerWorker.java:86)
	at org.testng.TestNG.runSuitesSequentially(TestNG.java:1293)
	at org.testng.TestNG.runSuitesLocally(TestNG.java:1218)
	at org.testng.TestNG.runSuites(TestNG.java:1133)
	at org.testng.TestNG.run(TestNG.java:1104)
	at org.testng.remote.AbstractRemoteTestNG.run(AbstractRemoteTestNG.java:114)
	at org.testng.remote.RemoteTestNG.initAndRun(RemoteTestNG.java:251)
	at org.testng.remote.RemoteTestNG.main(RemoteTestNG.java:77)
</div></td></tr></table><p class="totop"><a href="#summary">back to summary</a></p><h3 id="m3">com.makemytrip.testcases.TC_002SignUpPageTestCases#SignUpPageTestCase</h3><table class="result"><tr class="param"><th>Parameter #1</th></tr><tr class="param stripe"><td>{Status=SKIP, Mobile=788989898, FirstName=ILLA, Password=1234, LastName=N, Runmode=N, Expected_Result=Password cannot be less than 6 characters., Email=ilan@yopmail.com}</td></tr><tr><th>Exception</th></tr><tr><td><div class="stacktrace">org.testng.SkipException: User is set this test case data runmode is No
	at com.makemytrip.testcases.TC_002SignUpPageTestCases.SignUpPageTestCase(TC_002SignUpPageTestCases.java:23)
	at sun.reflect.NativeMethodAccessorImpl.invoke0(Native Method)
	at sun.reflect.NativeMethodAccessorImpl.invoke(NativeMethodAccessorImpl.java:62)
	at sun.reflect.DelegatingMethodAccessorImpl.invoke(DelegatingMethodAccessorImpl.java:43)
	at java.lang.reflect.Method.invoke(Method.java:497)
	at org.testng.internal.MethodInvocationHelper.invokeMethod(MethodInvocationHelper.java:104)
	at org.testng.internal.Invoker.invokeMethod(Invoker.java:645)
	at org.testng.internal.Invoker.invokeTestMethod(Invoker.java:851)
	at org.testng.internal.Invoker.invokeTestMethods(Invoker.java:1177)
	at org.testng.internal.TestMethodWorker.invokeTestMethods(TestMethodWorker.java:129)
	at org.testng.internal.TestMethodWorker.run(TestMethodWorker.java:112)
	at org.testng.TestRunner.privateRun(TestRunner.java:756)
	at org.testng.TestRunner.run(TestRunner.java:610)
	at org.testng.SuiteRunner.runTest(SuiteRunner.java:387)
	at org.testng.SuiteRunner.runSequentially(SuiteRunner.java:382)
	at org.testng.SuiteRunner.privateRun(SuiteRunner.java:340)
	at org.testng.SuiteRunner.run(SuiteRunner.java:289)
	at org.testng.SuiteRunnerWorker.runSuite(SuiteRunnerWorker.java:52)
	at org.testng.SuiteRunnerWorker.run(SuiteRunnerWorker.java:86)
	at org.testng.TestNG.runSuitesSequentially(TestNG.java:1293)
	at org.testng.TestNG.runSuitesLocally(TestNG.java:1218)
	at org.testng.TestNG.runSuites(TestNG.java:1133)
	at org.testng.TestNG.run(TestNG.java:1104)
	at org.testng.remote.AbstractRemoteTestNG.run(AbstractRemoteTestNG.java:114)
	at org.testng.remote.RemoteTestNG.initAndRun(RemoteTestNG.java:251)
	at org.testng.remote.RemoteTestNG.main(RemoteTestNG.java:77)
</div></td></tr></table><p class="totop"><a href="#summary">back to summary</a></p><h3 id="m4">com.makemytrip.testcases.TC_002SignUpPageTestCases#SignUpPageTestCase</h3><table class="result"><tr class="param"><th>Parameter #1</th></tr><tr class="param stripe"><td>{Status=SKIP, Mobile=9898989898, FirstName=aaaaa, Password=123456, LastName=jjjjjjjj, Runmode=N, Expected_Result=Your email is already registered with us., Email=aj@yopmail.com}</td></tr><tr><th>Exception</th></tr><tr><td><div class="stacktrace">org.testng.SkipException: User is set this test case data runmode is No
	at com.makemytrip.testcases.TC_002SignUpPageTestCases.SignUpPageTestCase(TC_002SignUpPageTestCases.java:23)
	at sun.reflect.NativeMethodAccessorImpl.invoke0(Native Method)
	at sun.reflect.NativeMethodAccessorImpl.invoke(NativeMethodAccessorImpl.java:62)
	at sun.reflect.DelegatingMethodAccessorImpl.invoke(DelegatingMethodAccessorImpl.java:43)
	at java.lang.reflect.Method.invoke(Method.java:497)
	at org.testng.internal.MethodInvocationHelper.invokeMethod(MethodInvocationHelper.java:104)
	at org.testng.internal.Invoker.invokeMethod(Invoker.java:645)
	at org.testng.internal.Invoker.invokeTestMethod(Invoker.java:851)
	at org.testng.internal.Invoker.invokeTestMethods(Invoker.java:1177)
	at org.testng.internal.TestMethodWorker.invokeTestMethods(TestMethodWorker.java:129)
	at org.testng.internal.TestMethodWorker.run(TestMethodWorker.java:112)
	at org.testng.TestRunner.privateRun(TestRunner.java:756)
	at org.testng.TestRunner.run(TestRunner.java:610)
	at org.testng.SuiteRunner.runTest(SuiteRunner.java:387)
	at org.testng.SuiteRunner.runSequentially(SuiteRunner.java:382)
	at org.testng.SuiteRunner.privateRun(SuiteRunner.java:340)
	at org.testng.SuiteRunner.run(SuiteRunner.java:289)
	at org.testng.SuiteRunnerWorker.runSuite(SuiteRunnerWorker.java:52)
	at org.testng.SuiteRunnerWorker.run(SuiteRunnerWorker.java:86)
	at org.testng.TestNG.runSuitesSequentially(TestNG.java:1293)
	at org.testng.TestNG.runSuitesLocally(TestNG.java:1218)
	at org.testng.TestNG.runSuites(TestNG.java:1133)
	at org.testng.TestNG.run(TestNG.java:1104)
	at org.testng.remote.AbstractRemoteTestNG.run(AbstractRemoteTestNG.java:114)
	at org.testng.remote.RemoteTestNG.initAndRun(RemoteTestNG.java:251)
	at org.testng.remote.RemoteTestNG.main(RemoteTestNG.java:77)
</div></td></tr></table><p class="totop"><a href="#summary">back to summary</a></p><h3 id="m5">com.makemytrip.testcases.TC_002SignUpPageTestCases#SignUpPageTestCase</h3><table class="result"><tr class="param"><th>Parameter #1</th></tr><tr class="param stripe"><td>{Status=SKIP, Mobile=9898989898, FirstName=ILLA, Password=, LastName=N, Runmode=N, Expected_Result=Please Enter password., Email=ilan@yopmail.com}</td></tr><tr><th>Exception</th></tr><tr><td><div class="stacktrace">org.testng.SkipException: User is set this test case data runmode is No
	at com.makemytrip.testcases.TC_002SignUpPageTestCases.SignUpPageTestCase(TC_002SignUpPageTestCases.java:23)
	at sun.reflect.NativeMethodAccessorImpl.invoke0(Native Method)
	at sun.reflect.NativeMethodAccessorImpl.invoke(NativeMethodAccessorImpl.java:62)
	at sun.reflect.DelegatingMethodAccessorImpl.invoke(DelegatingMethodAccessorImpl.java:43)
	at java.lang.reflect.Method.invoke(Method.java:497)
	at org.testng.internal.MethodInvocationHelper.invokeMethod(MethodInvocationHelper.java:104)
	at org.testng.internal.Invoker.invokeMethod(Invoker.java:645)
	at org.testng.internal.Invoker.invokeTestMethod(Invoker.java:851)
	at org.testng.internal.Invoker.invokeTestMethods(Invoker.java:1177)
	at org.testng.internal.TestMethodWorker.invokeTestMethods(TestMethodWorker.java:129)
	at org.testng.internal.TestMethodWorker.run(TestMethodWorker.java:112)
	at org.testng.TestRunner.privateRun(TestRunner.java:756)
	at org.testng.TestRunner.run(TestRunner.java:610)
	at org.testng.SuiteRunner.runTest(SuiteRunner.java:387)
	at org.testng.SuiteRunner.runSequentially(SuiteRunner.java:382)
	at org.testng.SuiteRunner.privateRun(SuiteRunner.java:340)
	at org.testng.SuiteRunner.run(SuiteRunner.java:289)
	at org.testng.SuiteRunnerWorker.runSuite(SuiteRunnerWorker.java:52)
	at org.testng.SuiteRunnerWorker.run(SuiteRunnerWorker.java:86)
	at org.testng.TestNG.runSuitesSequentially(TestNG.java:1293)
	at org.testng.TestNG.runSuitesLocally(TestNG.java:1218)
	at org.testng.TestNG.runSuites(TestNG.java:1133)
	at org.testng.TestNG.run(TestNG.java:1104)
	at org.testng.remote.AbstractRemoteTestNG.run(AbstractRemoteTestNG.java:114)
	at org.testng.remote.RemoteTestNG.initAndRun(RemoteTestNG.java:251)
	at org.testng.remote.RemoteTestNG.main(RemoteTestNG.java:77)
</div></td></tr></table><p class="totop"><a href="#summary">back to summary</a></p><h3 id="m6">com.makemytrip.testcases.TC_002SignUpPageTestCases#SignUpPageTestCase</h3><table class="result"><tr class="param"><th>Parameter #1</th></tr><tr class="param stripe"><td>{Status=PASS, Mobile=9898989898, FirstName=, Password=123456, LastName=YAN, Runmode=Y, Expected_Result=Please Enter First Name., Email=ayan@yopmail.com}</td></tr><tr><th>Messages</th></tr><tr><td><div class="messages">Execute test suite name is :SignUpPageTestCase<br/>startAppium----<br/>Appium and Emulator device is Started..<br/>navigateURL--URL--<br/>Navigating to this URL :http://makemytrip.com<br/>verifyTitle----MakeMyTrip, India's No 1 Travel Site | Book Hotels, Flights, Holiday<br/>Verifing the title :MakeMyTrip, India's No 1 Travel Site | Book Hotels, Flights, Holiday<br/>click--homepage.loginIcon--<br/>Clicking the given link or element<br/>click--homepage.loginpage.signupBtn--<br/>Clicking the given link or element<br/>input--homepage.loginpage.signup.firstname--FirstName<br/>Entering the data to given element (Text Box<br/>input--homepage.loginpage.signup.lastname--LastName<br/>Entering the data to given element (Text Box<br/>input--homepage.loginpage.signup.mobile--Mobile<br/>Entering the data to given element (Text Box<br/>input--homepage.loginpage.signup.email--Email<br/>Entering the data to given element (Text Box<br/>input--homepage.loginpage.signup.pwd--Password<br/>Entering the data to given element (Text Box<br/>click--homepage.loginpage.signup.signupBtn--<br/>Clicking the given link or element<br/>verifyValidation--homepage.loginpage.signup.firstnameerr|homepage.loginpage.signup.lastnameerr|homepage.loginpage.signup.mobileerr|homepage.loginpage.signup.emailerr|homepage.loginpage.signup.pwserr|homepage.loginpage.signup.alreadyregerr--Expected_Result<br/>Verifying the Validation Actual result Matching with Expected result <br/>homepage.loginpage.signup.firstnameerr<br/>stopAppium----<br/>Stoping the Appium Server</div></td></tr></table><p class="totop"><a href="#summary">back to summary</a></p><h3 id="m7">com.makemytrip.testcases.TC_002SignUpPageTestCases#SignUpPageTestCase</h3><table class="result"><tr class="param"><th>Parameter #1</th></tr><tr class="param stripe"><td>{Status=FAIL, Mobile=, FirstName=ILLA, Password=123456, LastName=N, Runmode=Y, Expected_Result=Please Enter Mobile Number., Email=ilan@yopmail.com}</td></tr><tr><th>Messages</th></tr><tr><td><div class="messages">Execute test suite name is :SignUpPageTestCase<br/>startAppium----<br/>Appium and Emulator device is Started..<br/>navigateURL--URL--<br/>Navigating to this URL :http://makemytrip.com<br/>verifyTitle----MakeMyTrip, India's No 1 Travel Site | Book Hotels, Flights, Holiday<br/>Verifing the title :MakeMyTrip, India's No 1 Travel Site | Book Hotels, Flights, Holiday<br/>click--homepage.loginIcon--<br/>Clicking the given link or element<br/>click--homepage.loginpage.signupBtn--<br/>Clicking the given link or element<br/>input--homepage.loginpage.signup.firstname--FirstName<br/>Entering the data to given element (Text Box<br/>input--homepage.loginpage.signup.lastname--LastName<br/>Entering the data to given element (Text Box<br/>input--homepage.loginpage.signup.mobile--Mobile<br/>Entering the data to given element (Text Box<br/>input--homepage.loginpage.signup.email--Email<br/>Entering the data to given element (Text Box<br/>input--homepage.loginpage.signup.pwd--Password<br/>Entering the data to given element (Text Box<br/>click--homepage.loginpage.signup.signupBtn--<br/>Clicking the given link or element<br/>verifyValidation--homepage.loginpage.signup.firstnameerr|homepage.loginpage.signup.lastnameerr|homepage.loginpage.signup.mobileerr|homepage.loginpage.signup.emailerr|homepage.loginpage.signup.pwserr|homepage.loginpage.signup.alreadyregerr--Expected_Result<br/>Verifying the Validation Actual result Matching with Expected result <br/>homepage.loginpage.signup.firstnameerr<br/>homepage.loginpage.signup.lastnameerr<br/>homepage.loginpage.signup.mobileerr<br/>stopAppium----<br/>Stoping the Appium Server</div></td></tr></table><p class="totop"><a href="#summary">back to summary</a></p></body></html>